[2023-09-04T18:14:31.533+0000] {logging_mixin.py:151} INFO - Changing /opt/***/logs/dag_id=tutorial/run_id=manual__2023-09-04T18:14:27.853089+00:00/task_id=print_date permission to 509
[2023-09-04T18:14:31.541+0000] {logging_mixin.py:151} INFO - Failed to change /opt/***/logs/dag_id=tutorial/run_id=manual__2023-09-04T18:14:27.853089+00:00/task_id=print_date permission to 509: [Errno 1] Operation not permitted: '/opt/***/logs/dag_id=tutorial/run_id=manual__2023-09-04T18:14:27.853089+00:00/task_id=print_date'
[2023-09-04T18:14:31.592+0000] {logging_mixin.py:151} INFO - Changing /opt/***/logs/dag_id=tutorial/run_id=manual__2023-09-04T18:14:27.853089+00:00/task_id=print_date permission to 509
[2023-09-04T18:14:31.593+0000] {logging_mixin.py:151} INFO - Failed to change /opt/***/logs/dag_id=tutorial/run_id=manual__2023-09-04T18:14:27.853089+00:00/task_id=print_date permission to 509: [Errno 1] Operation not permitted: '/opt/***/logs/dag_id=tutorial/run_id=manual__2023-09-04T18:14:27.853089+00:00/task_id=print_date'
[2023-09-04T18:14:31.672+0000] {taskinstance.py:1159} INFO - Dependencies all met for dep_context=non-requeueable deps ti=<TaskInstance: tutorial.print_date manual__2023-09-04T18:14:27.853089+00:00 [queued]>
[2023-09-04T18:14:31.694+0000] {taskinstance.py:1159} INFO - Dependencies all met for dep_context=requeueable deps ti=<TaskInstance: tutorial.print_date manual__2023-09-04T18:14:27.853089+00:00 [queued]>
[2023-09-04T18:14:31.696+0000] {taskinstance.py:1361} INFO - Starting attempt 1 of 2
[2023-09-04T18:14:31.739+0000] {taskinstance.py:1382} INFO - Executing <Task(BashOperator): print_date> on 2023-09-04 18:14:27.853089+00:00
[2023-09-04T18:14:31.753+0000] {standard_task_runner.py:57} INFO - Started process 416 to run task
[2023-09-04T18:14:31.764+0000] {standard_task_runner.py:84} INFO - Running: ['***', 'tasks', 'run', 'tutorial', 'print_date', 'manual__2023-09-04T18:14:27.853089+00:00', '--job-id', '28', '--raw', '--subdir', '/home/***/.local/lib/python3.8/site-packages/***/example_dags/tutorial.py', '--cfg-path', '/tmp/tmpp7ur0ttw']
[2023-09-04T18:14:31.771+0000] {standard_task_runner.py:85} INFO - Job 28: Subtask print_date
[2023-09-04T18:14:31.901+0000] {logging_mixin.py:151} INFO - Changing /opt/***/logs/dag_id=tutorial/run_id=manual__2023-09-04T18:14:27.853089+00:00/task_id=print_date permission to 509
[2023-09-04T18:14:31.905+0000] {logging_mixin.py:151} INFO - Failed to change /opt/***/logs/dag_id=tutorial/run_id=manual__2023-09-04T18:14:27.853089+00:00/task_id=print_date permission to 509: [Errno 1] Operation not permitted: '/opt/***/logs/dag_id=tutorial/run_id=manual__2023-09-04T18:14:27.853089+00:00/task_id=print_date'
[2023-09-04T18:14:31.912+0000] {task_command.py:415} INFO - Running <TaskInstance: tutorial.print_date manual__2023-09-04T18:14:27.853089+00:00 [running]> on host d1a2050adbbc
[2023-09-04T18:14:32.196+0000] {taskinstance.py:1660} INFO - Exporting env vars: AIRFLOW_CTX_DAG_EMAIL='***@example.com' AIRFLOW_CTX_DAG_OWNER='***' AIRFLOW_CTX_DAG_ID='tutorial' AIRFLOW_CTX_TASK_ID='print_date' AIRFLOW_CTX_EXECUTION_DATE='2023-09-04T18:14:27.853089+00:00' AIRFLOW_CTX_TRY_NUMBER='1' AIRFLOW_CTX_DAG_RUN_ID='manual__2023-09-04T18:14:27.853089+00:00'
[2023-09-04T18:14:32.281+0000] {subprocess.py:63} INFO - Tmp dir root location: /tmp
[2023-09-04T18:14:32.290+0000] {subprocess.py:75} INFO - Running command: ['/bin/bash', '-c', 'date']
[2023-09-04T18:14:32.354+0000] {subprocess.py:86} INFO - Output:
[2023-09-04T18:14:32.411+0000] {subprocess.py:93} INFO - Mon Sep  4 18:14:32 UTC 2023
[2023-09-04T18:14:32.414+0000] {subprocess.py:97} INFO - Command exited with return code 0
[2023-09-04T18:14:32.499+0000] {taskinstance.py:1400} INFO - Marking task as SUCCESS. dag_id=tutorial, task_id=print_date, execution_date=20230904T181427, start_date=20230904T181431, end_date=20230904T181432
[2023-09-04T18:14:32.584+0000] {local_task_job_runner.py:228} INFO - Task exited with return code 0
[2023-09-04T18:14:32.627+0000] {taskinstance.py:2784} INFO - 2 downstream tasks scheduled from follow-on schedule check
