[2023-09-04T18:20:12.062+0000] {logging_mixin.py:151} INFO - Changing /opt/***/logs/dag_id=tutorial/run_id=scheduled__2023-09-03T18:14:19.531249+00:00/task_id=sleep permission to 509
[2023-09-04T18:20:12.070+0000] {logging_mixin.py:151} INFO - Failed to change /opt/***/logs/dag_id=tutorial/run_id=scheduled__2023-09-03T18:14:19.531249+00:00/task_id=sleep permission to 509: [Errno 1] Operation not permitted: '/opt/***/logs/dag_id=tutorial/run_id=scheduled__2023-09-03T18:14:19.531249+00:00/task_id=sleep'
[2023-09-04T18:20:12.145+0000] {logging_mixin.py:151} INFO - Changing /opt/***/logs/dag_id=tutorial/run_id=scheduled__2023-09-03T18:14:19.531249+00:00/task_id=sleep permission to 509
[2023-09-04T18:20:12.147+0000] {logging_mixin.py:151} INFO - Failed to change /opt/***/logs/dag_id=tutorial/run_id=scheduled__2023-09-03T18:14:19.531249+00:00/task_id=sleep permission to 509: [Errno 1] Operation not permitted: '/opt/***/logs/dag_id=tutorial/run_id=scheduled__2023-09-03T18:14:19.531249+00:00/task_id=sleep'
[2023-09-04T18:20:12.257+0000] {taskinstance.py:1159} INFO - Dependencies all met for dep_context=non-requeueable deps ti=<TaskInstance: tutorial.sleep scheduled__2023-09-03T18:14:19.531249+00:00 [queued]>
[2023-09-04T18:20:12.289+0000] {taskinstance.py:1159} INFO - Dependencies all met for dep_context=requeueable deps ti=<TaskInstance: tutorial.sleep scheduled__2023-09-03T18:14:19.531249+00:00 [queued]>
[2023-09-04T18:20:12.291+0000] {taskinstance.py:1361} INFO - Starting attempt 1 of 4
[2023-09-04T18:20:12.336+0000] {taskinstance.py:1382} INFO - Executing <Task(BashOperator): sleep> on 2023-09-03 18:14:19.531249+00:00
[2023-09-04T18:20:12.356+0000] {standard_task_runner.py:57} INFO - Started process 506 to run task
[2023-09-04T18:20:12.369+0000] {standard_task_runner.py:84} INFO - Running: ['***', 'tasks', 'run', 'tutorial', 'sleep', 'scheduled__2023-09-03T18:14:19.531249+00:00', '--job-id', '34', '--raw', '--subdir', '/home/***/.local/lib/python3.8/site-packages/***/example_dags/tutorial.py', '--cfg-path', '/tmp/tmpljv9dujw']
[2023-09-04T18:20:12.377+0000] {standard_task_runner.py:85} INFO - Job 34: Subtask sleep
[2023-09-04T18:20:12.548+0000] {logging_mixin.py:151} INFO - Changing /opt/***/logs/dag_id=tutorial/run_id=scheduled__2023-09-03T18:14:19.531249+00:00/task_id=sleep permission to 509
[2023-09-04T18:20:12.553+0000] {logging_mixin.py:151} INFO - Failed to change /opt/***/logs/dag_id=tutorial/run_id=scheduled__2023-09-03T18:14:19.531249+00:00/task_id=sleep permission to 509: [Errno 1] Operation not permitted: '/opt/***/logs/dag_id=tutorial/run_id=scheduled__2023-09-03T18:14:19.531249+00:00/task_id=sleep'
[2023-09-04T18:20:12.577+0000] {task_command.py:415} INFO - Running <TaskInstance: tutorial.sleep scheduled__2023-09-03T18:14:19.531249+00:00 [running]> on host d1a2050adbbc
[2023-09-04T18:20:12.859+0000] {taskinstance.py:1660} INFO - Exporting env vars: AIRFLOW_CTX_DAG_EMAIL='***@example.com' AIRFLOW_CTX_DAG_OWNER='***' AIRFLOW_CTX_DAG_ID='tutorial' AIRFLOW_CTX_TASK_ID='sleep' AIRFLOW_CTX_EXECUTION_DATE='2023-09-03T18:14:19.531249+00:00' AIRFLOW_CTX_TRY_NUMBER='1' AIRFLOW_CTX_DAG_RUN_ID='scheduled__2023-09-03T18:14:19.531249+00:00'
[2023-09-04T18:20:12.897+0000] {subprocess.py:63} INFO - Tmp dir root location: /tmp
[2023-09-04T18:20:12.902+0000] {subprocess.py:75} INFO - Running command: ['/bin/bash', '-c', 'sleep 5']
[2023-09-04T18:20:12.954+0000] {subprocess.py:86} INFO - Output:
[2023-09-04T18:20:18.007+0000] {subprocess.py:97} INFO - Command exited with return code 0
[2023-09-04T18:20:18.039+0000] {taskinstance.py:1400} INFO - Marking task as SUCCESS. dag_id=tutorial, task_id=sleep, execution_date=20230903T181419, start_date=20230904T182012, end_date=20230904T182018
[2023-09-04T18:20:18.099+0000] {local_task_job_runner.py:228} INFO - Task exited with return code 0
[2023-09-04T18:20:18.119+0000] {taskinstance.py:2784} INFO - 0 downstream tasks scheduled from follow-on schedule check
