[2023-09-04T18:25:07.415+0000] {logging_mixin.py:151} INFO - Changing /opt/***/logs/dag_id=tutorial/run_id=manual__2023-09-04T18:14:27.853089+00:00/task_id=sleep permission to 509
[2023-09-04T18:25:07.433+0000] {logging_mixin.py:151} INFO - Failed to change /opt/***/logs/dag_id=tutorial/run_id=manual__2023-09-04T18:14:27.853089+00:00/task_id=sleep permission to 509: [Errno 1] Operation not permitted: '/opt/***/logs/dag_id=tutorial/run_id=manual__2023-09-04T18:14:27.853089+00:00/task_id=sleep'
[2023-09-04T18:25:07.499+0000] {logging_mixin.py:151} INFO - Changing /opt/***/logs/dag_id=tutorial/run_id=manual__2023-09-04T18:14:27.853089+00:00/task_id=sleep permission to 509
[2023-09-04T18:25:07.500+0000] {logging_mixin.py:151} INFO - Failed to change /opt/***/logs/dag_id=tutorial/run_id=manual__2023-09-04T18:14:27.853089+00:00/task_id=sleep permission to 509: [Errno 1] Operation not permitted: '/opt/***/logs/dag_id=tutorial/run_id=manual__2023-09-04T18:14:27.853089+00:00/task_id=sleep'
[2023-09-04T18:25:07.552+0000] {taskinstance.py:1159} INFO - Dependencies all met for dep_context=non-requeueable deps ti=<TaskInstance: tutorial.sleep manual__2023-09-04T18:14:27.853089+00:00 [queued]>
[2023-09-04T18:25:07.567+0000] {taskinstance.py:1159} INFO - Dependencies all met for dep_context=requeueable deps ti=<TaskInstance: tutorial.sleep manual__2023-09-04T18:14:27.853089+00:00 [queued]>
[2023-09-04T18:25:07.568+0000] {taskinstance.py:1361} INFO - Starting attempt 2 of 4
[2023-09-04T18:25:07.592+0000] {taskinstance.py:1382} INFO - Executing <Task(BashOperator): sleep> on 2023-09-04 18:14:27.853089+00:00
[2023-09-04T18:25:07.600+0000] {standard_task_runner.py:57} INFO - Started process 585 to run task
[2023-09-04T18:25:07.607+0000] {standard_task_runner.py:84} INFO - Running: ['***', 'tasks', 'run', 'tutorial', 'sleep', 'manual__2023-09-04T18:14:27.853089+00:00', '--job-id', '37', '--raw', '--subdir', '/home/***/.local/lib/python3.8/site-packages/***/example_dags/tutorial.py', '--cfg-path', '/tmp/tmprfyts1_y']
[2023-09-04T18:25:07.612+0000] {standard_task_runner.py:85} INFO - Job 37: Subtask sleep
[2023-09-04T18:25:07.710+0000] {logging_mixin.py:151} INFO - Changing /opt/***/logs/dag_id=tutorial/run_id=manual__2023-09-04T18:14:27.853089+00:00/task_id=sleep permission to 509
[2023-09-04T18:25:07.711+0000] {logging_mixin.py:151} INFO - Failed to change /opt/***/logs/dag_id=tutorial/run_id=manual__2023-09-04T18:14:27.853089+00:00/task_id=sleep permission to 509: [Errno 1] Operation not permitted: '/opt/***/logs/dag_id=tutorial/run_id=manual__2023-09-04T18:14:27.853089+00:00/task_id=sleep'
[2023-09-04T18:25:07.715+0000] {task_command.py:415} INFO - Running <TaskInstance: tutorial.sleep manual__2023-09-04T18:14:27.853089+00:00 [running]> on host d1a2050adbbc
[2023-09-04T18:25:07.855+0000] {taskinstance.py:1660} INFO - Exporting env vars: AIRFLOW_CTX_DAG_EMAIL='***@example.com' AIRFLOW_CTX_DAG_OWNER='***' AIRFLOW_CTX_DAG_ID='tutorial' AIRFLOW_CTX_TASK_ID='sleep' AIRFLOW_CTX_EXECUTION_DATE='2023-09-04T18:14:27.853089+00:00' AIRFLOW_CTX_TRY_NUMBER='2' AIRFLOW_CTX_DAG_RUN_ID='manual__2023-09-04T18:14:27.853089+00:00'
[2023-09-04T18:25:07.868+0000] {subprocess.py:63} INFO - Tmp dir root location: /tmp
[2023-09-04T18:25:07.870+0000] {subprocess.py:75} INFO - Running command: ['/bin/bash', '-c', 'sleep 5']
[2023-09-04T18:25:07.895+0000] {subprocess.py:86} INFO - Output:
[2023-09-04T18:25:12.930+0000] {subprocess.py:97} INFO - Command exited with return code 0
[2023-09-04T18:25:22.493+0000] {taskinstance.py:1400} INFO - Marking task as SUCCESS. dag_id=tutorial, task_id=sleep, execution_date=20230904T181427, start_date=20230904T182507, end_date=20230904T182522
[2023-09-04T18:25:22.595+0000] {local_task_job_runner.py:228} INFO - Task exited with return code 0
[2023-09-04T18:25:22.677+0000] {taskinstance.py:2784} INFO - 0 downstream tasks scheduled from follow-on schedule check
