[2023-09-04T18:20:04.110+0000] {logging_mixin.py:151} INFO - Changing /opt/***/logs/dag_id=tutorial/run_id=manual__2023-09-04T18:14:27.853089+00:00/task_id=templated permission to 509
[2023-09-04T18:20:04.128+0000] {logging_mixin.py:151} INFO - Failed to change /opt/***/logs/dag_id=tutorial/run_id=manual__2023-09-04T18:14:27.853089+00:00/task_id=templated permission to 509: [Errno 1] Operation not permitted: '/opt/***/logs/dag_id=tutorial/run_id=manual__2023-09-04T18:14:27.853089+00:00/task_id=templated'
[2023-09-04T18:20:04.274+0000] {logging_mixin.py:151} INFO - Changing /opt/***/logs/dag_id=tutorial/run_id=manual__2023-09-04T18:14:27.853089+00:00/task_id=templated permission to 509
[2023-09-04T18:20:04.276+0000] {logging_mixin.py:151} INFO - Failed to change /opt/***/logs/dag_id=tutorial/run_id=manual__2023-09-04T18:14:27.853089+00:00/task_id=templated permission to 509: [Errno 1] Operation not permitted: '/opt/***/logs/dag_id=tutorial/run_id=manual__2023-09-04T18:14:27.853089+00:00/task_id=templated'
[2023-09-04T18:20:04.403+0000] {taskinstance.py:1159} INFO - Dependencies all met for dep_context=non-requeueable deps ti=<TaskInstance: tutorial.templated manual__2023-09-04T18:14:27.853089+00:00 [queued]>
[2023-09-04T18:20:04.436+0000] {taskinstance.py:1159} INFO - Dependencies all met for dep_context=requeueable deps ti=<TaskInstance: tutorial.templated manual__2023-09-04T18:14:27.853089+00:00 [queued]>
[2023-09-04T18:20:04.438+0000] {taskinstance.py:1361} INFO - Starting attempt 2 of 2
[2023-09-04T18:20:04.489+0000] {taskinstance.py:1382} INFO - Executing <Task(BashOperator): templated> on 2023-09-04 18:14:27.853089+00:00
[2023-09-04T18:20:04.513+0000] {standard_task_runner.py:57} INFO - Started process 498 to run task
[2023-09-04T18:20:04.534+0000] {standard_task_runner.py:84} INFO - Running: ['***', 'tasks', 'run', 'tutorial', 'templated', 'manual__2023-09-04T18:14:27.853089+00:00', '--job-id', '32', '--raw', '--subdir', '/home/***/.local/lib/python3.8/site-packages/***/example_dags/tutorial.py', '--cfg-path', '/tmp/tmp46kfs94r']
[2023-09-04T18:20:04.542+0000] {standard_task_runner.py:85} INFO - Job 32: Subtask templated
[2023-09-04T18:20:04.720+0000] {logging_mixin.py:151} INFO - Changing /opt/***/logs/dag_id=tutorial/run_id=manual__2023-09-04T18:14:27.853089+00:00/task_id=templated permission to 509
[2023-09-04T18:20:04.723+0000] {logging_mixin.py:151} INFO - Failed to change /opt/***/logs/dag_id=tutorial/run_id=manual__2023-09-04T18:14:27.853089+00:00/task_id=templated permission to 509: [Errno 1] Operation not permitted: '/opt/***/logs/dag_id=tutorial/run_id=manual__2023-09-04T18:14:27.853089+00:00/task_id=templated'
[2023-09-04T18:20:04.732+0000] {task_command.py:415} INFO - Running <TaskInstance: tutorial.templated manual__2023-09-04T18:14:27.853089+00:00 [running]> on host d1a2050adbbc
[2023-09-04T18:20:05.207+0000] {taskinstance.py:1660} INFO - Exporting env vars: AIRFLOW_CTX_DAG_EMAIL='***@example.com' AIRFLOW_CTX_DAG_OWNER='***' AIRFLOW_CTX_DAG_ID='tutorial' AIRFLOW_CTX_TASK_ID='templated' AIRFLOW_CTX_EXECUTION_DATE='2023-09-04T18:14:27.853089+00:00' AIRFLOW_CTX_TRY_NUMBER='2' AIRFLOW_CTX_DAG_RUN_ID='manual__2023-09-04T18:14:27.853089+00:00'
[2023-09-04T18:20:05.246+0000] {subprocess.py:63} INFO - Tmp dir root location: /tmp
[2023-09-04T18:20:05.250+0000] {subprocess.py:75} INFO - Running command: ['/bin/bash', '-c', '\n\n    echo "2023-09-04"\n    echo "2023-09-11"\n\n    echo "2023-09-04"\n    echo "2023-09-11"\n\n    echo "2023-09-04"\n    echo "2023-09-11"\n\n    echo "2023-09-04"\n    echo "2023-09-11"\n\n    echo "2023-09-04"\n    echo "2023-09-11"\n']
[2023-09-04T18:20:05.296+0000] {subprocess.py:86} INFO - Output:
[2023-09-04T18:20:05.391+0000] {subprocess.py:93} INFO - 2023-09-04
[2023-09-04T18:20:05.393+0000] {subprocess.py:93} INFO - 2023-09-11
[2023-09-04T18:20:05.395+0000] {subprocess.py:93} INFO - 2023-09-04
[2023-09-04T18:20:05.397+0000] {subprocess.py:93} INFO - 2023-09-11
[2023-09-04T18:20:05.399+0000] {subprocess.py:93} INFO - 2023-09-04
[2023-09-04T18:20:05.402+0000] {subprocess.py:93} INFO - 2023-09-11
[2023-09-04T18:20:05.404+0000] {subprocess.py:93} INFO - 2023-09-04
[2023-09-04T18:20:05.406+0000] {subprocess.py:93} INFO - 2023-09-11
[2023-09-04T18:20:05.408+0000] {subprocess.py:93} INFO - 2023-09-04
[2023-09-04T18:20:05.409+0000] {subprocess.py:93} INFO - 2023-09-11
[2023-09-04T18:20:05.411+0000] {subprocess.py:97} INFO - Command exited with return code 0
[2023-09-04T18:20:05.507+0000] {taskinstance.py:1400} INFO - Marking task as SUCCESS. dag_id=tutorial, task_id=templated, execution_date=20230904T181427, start_date=20230904T182004, end_date=20230904T182005
[2023-09-04T18:20:05.600+0000] {local_task_job_runner.py:228} INFO - Task exited with return code 0
[2023-09-04T18:20:05.675+0000] {taskinstance.py:2784} INFO - 0 downstream tasks scheduled from follow-on schedule check
