[2023-09-04T17:52:35.319+0000] {logging_mixin.py:151} INFO - Changing /opt/***/logs/dag_id=sample-etl-dag/run_id=manual__2023-09-04T17:52:19.855321+00:00/task_id=transform permission to 509
[2023-09-04T17:52:35.322+0000] {logging_mixin.py:151} INFO - Failed to change /opt/***/logs/dag_id=sample-etl-dag/run_id=manual__2023-09-04T17:52:19.855321+00:00/task_id=transform permission to 509: [Errno 1] Operation not permitted: '/opt/***/logs/dag_id=sample-etl-dag/run_id=manual__2023-09-04T17:52:19.855321+00:00/task_id=transform'
[2023-09-04T17:52:35.380+0000] {logging_mixin.py:151} INFO - Changing /opt/***/logs/dag_id=sample-etl-dag/run_id=manual__2023-09-04T17:52:19.855321+00:00/task_id=transform permission to 509
[2023-09-04T17:52:35.381+0000] {logging_mixin.py:151} INFO - Failed to change /opt/***/logs/dag_id=sample-etl-dag/run_id=manual__2023-09-04T17:52:19.855321+00:00/task_id=transform permission to 509: [Errno 1] Operation not permitted: '/opt/***/logs/dag_id=sample-etl-dag/run_id=manual__2023-09-04T17:52:19.855321+00:00/task_id=transform'
[2023-09-04T17:52:35.471+0000] {taskinstance.py:1159} INFO - Dependencies all met for dep_context=non-requeueable deps ti=<TaskInstance: sample-etl-dag.transform manual__2023-09-04T17:52:19.855321+00:00 [queued]>
[2023-09-04T17:52:35.498+0000] {taskinstance.py:1159} INFO - Dependencies all met for dep_context=requeueable deps ti=<TaskInstance: sample-etl-dag.transform manual__2023-09-04T17:52:19.855321+00:00 [queued]>
[2023-09-04T17:52:35.500+0000] {taskinstance.py:1361} INFO - Starting attempt 1 of 2
[2023-09-04T17:52:35.525+0000] {taskinstance.py:1382} INFO - Executing <Task(BashOperator): transform> on 2023-09-04 17:52:19.855321+00:00
[2023-09-04T17:52:35.538+0000] {standard_task_runner.py:57} INFO - Started process 87 to run task
[2023-09-04T17:52:35.549+0000] {standard_task_runner.py:84} INFO - Running: ['***', 'tasks', 'run', 'sample-etl-dag', 'transform', 'manual__2023-09-04T17:52:19.855321+00:00', '--job-id', '22', '--raw', '--subdir', 'DAGS_FOLDER/main.py', '--cfg-path', '/tmp/tmpcjwm_3vb']
[2023-09-04T17:52:35.555+0000] {standard_task_runner.py:85} INFO - Job 22: Subtask transform
[2023-09-04T17:52:35.648+0000] {logging_mixin.py:151} INFO - Changing /opt/***/logs/dag_id=sample-etl-dag/run_id=manual__2023-09-04T17:52:19.855321+00:00/task_id=transform permission to 509
[2023-09-04T17:52:35.650+0000] {logging_mixin.py:151} INFO - Failed to change /opt/***/logs/dag_id=sample-etl-dag/run_id=manual__2023-09-04T17:52:19.855321+00:00/task_id=transform permission to 509: [Errno 1] Operation not permitted: '/opt/***/logs/dag_id=sample-etl-dag/run_id=manual__2023-09-04T17:52:19.855321+00:00/task_id=transform'
[2023-09-04T17:52:35.655+0000] {task_command.py:415} INFO - Running <TaskInstance: sample-etl-dag.transform manual__2023-09-04T17:52:19.855321+00:00 [running]> on host d1a2050adbbc
[2023-09-04T17:52:35.823+0000] {taskinstance.py:1660} INFO - Exporting env vars: AIRFLOW_CTX_DAG_EMAIL='ramesh@somemail.com' AIRFLOW_CTX_DAG_OWNER='Ramesh Sannareddy' AIRFLOW_CTX_DAG_ID='sample-etl-dag' AIRFLOW_CTX_TASK_ID='transform' AIRFLOW_CTX_EXECUTION_DATE='2023-09-04T17:52:19.855321+00:00' AIRFLOW_CTX_TRY_NUMBER='1' AIRFLOW_CTX_DAG_RUN_ID='manual__2023-09-04T17:52:19.855321+00:00'
[2023-09-04T17:52:35.837+0000] {subprocess.py:63} INFO - Tmp dir root location: /tmp
[2023-09-04T17:52:35.839+0000] {subprocess.py:75} INFO - Running command: ['/bin/bash', '-c', 'echo "transform"']
[2023-09-04T17:52:35.862+0000] {subprocess.py:86} INFO - Output:
[2023-09-04T17:52:35.878+0000] {subprocess.py:93} INFO - transform
[2023-09-04T17:52:35.879+0000] {subprocess.py:97} INFO - Command exited with return code 0
[2023-09-04T17:52:35.924+0000] {taskinstance.py:1400} INFO - Marking task as SUCCESS. dag_id=sample-etl-dag, task_id=transform, execution_date=20230904T175219, start_date=20230904T175235, end_date=20230904T175235
[2023-09-04T17:52:35.962+0000] {local_task_job_runner.py:228} INFO - Task exited with return code 0
[2023-09-04T17:52:35.995+0000] {taskinstance.py:2784} INFO - 1 downstream tasks scheduled from follow-on schedule check
