[2023-09-04T17:52:39.985+0000] {logging_mixin.py:151} INFO - Changing /opt/***/logs/dag_id=sample-etl-dag/run_id=manual__2023-09-04T17:52:19.855321+00:00/task_id=load permission to 509
[2023-09-04T17:52:39.987+0000] {logging_mixin.py:151} INFO - Failed to change /opt/***/logs/dag_id=sample-etl-dag/run_id=manual__2023-09-04T17:52:19.855321+00:00/task_id=load permission to 509: [Errno 1] Operation not permitted: '/opt/***/logs/dag_id=sample-etl-dag/run_id=manual__2023-09-04T17:52:19.855321+00:00/task_id=load'
[2023-09-04T17:52:40.059+0000] {logging_mixin.py:151} INFO - Changing /opt/***/logs/dag_id=sample-etl-dag/run_id=manual__2023-09-04T17:52:19.855321+00:00/task_id=load permission to 509
[2023-09-04T17:52:40.061+0000] {logging_mixin.py:151} INFO - Failed to change /opt/***/logs/dag_id=sample-etl-dag/run_id=manual__2023-09-04T17:52:19.855321+00:00/task_id=load permission to 509: [Errno 1] Operation not permitted: '/opt/***/logs/dag_id=sample-etl-dag/run_id=manual__2023-09-04T17:52:19.855321+00:00/task_id=load'
[2023-09-04T17:52:40.111+0000] {taskinstance.py:1159} INFO - Dependencies all met for dep_context=non-requeueable deps ti=<TaskInstance: sample-etl-dag.load manual__2023-09-04T17:52:19.855321+00:00 [queued]>
[2023-09-04T17:52:40.126+0000] {taskinstance.py:1159} INFO - Dependencies all met for dep_context=requeueable deps ti=<TaskInstance: sample-etl-dag.load manual__2023-09-04T17:52:19.855321+00:00 [queued]>
[2023-09-04T17:52:40.128+0000] {taskinstance.py:1361} INFO - Starting attempt 1 of 2
[2023-09-04T17:52:40.152+0000] {taskinstance.py:1382} INFO - Executing <Task(BashOperator): load> on 2023-09-04 17:52:19.855321+00:00
[2023-09-04T17:52:40.163+0000] {standard_task_runner.py:57} INFO - Started process 91 to run task
[2023-09-04T17:52:40.170+0000] {standard_task_runner.py:84} INFO - Running: ['***', 'tasks', 'run', 'sample-etl-dag', 'load', 'manual__2023-09-04T17:52:19.855321+00:00', '--job-id', '23', '--raw', '--subdir', 'DAGS_FOLDER/main.py', '--cfg-path', '/tmp/tmpvm28a6cp']
[2023-09-04T17:52:40.177+0000] {standard_task_runner.py:85} INFO - Job 23: Subtask load
[2023-09-04T17:52:40.254+0000] {logging_mixin.py:151} INFO - Changing /opt/***/logs/dag_id=sample-etl-dag/run_id=manual__2023-09-04T17:52:19.855321+00:00/task_id=load permission to 509
[2023-09-04T17:52:40.255+0000] {logging_mixin.py:151} INFO - Failed to change /opt/***/logs/dag_id=sample-etl-dag/run_id=manual__2023-09-04T17:52:19.855321+00:00/task_id=load permission to 509: [Errno 1] Operation not permitted: '/opt/***/logs/dag_id=sample-etl-dag/run_id=manual__2023-09-04T17:52:19.855321+00:00/task_id=load'
[2023-09-04T17:52:40.258+0000] {task_command.py:415} INFO - Running <TaskInstance: sample-etl-dag.load manual__2023-09-04T17:52:19.855321+00:00 [running]> on host d1a2050adbbc
[2023-09-04T17:52:40.496+0000] {taskinstance.py:1660} INFO - Exporting env vars: AIRFLOW_CTX_DAG_EMAIL='ramesh@somemail.com' AIRFLOW_CTX_DAG_OWNER='Ramesh Sannareddy' AIRFLOW_CTX_DAG_ID='sample-etl-dag' AIRFLOW_CTX_TASK_ID='load' AIRFLOW_CTX_EXECUTION_DATE='2023-09-04T17:52:19.855321+00:00' AIRFLOW_CTX_TRY_NUMBER='1' AIRFLOW_CTX_DAG_RUN_ID='manual__2023-09-04T17:52:19.855321+00:00'
[2023-09-04T17:52:40.502+0000] {subprocess.py:63} INFO - Tmp dir root location: /tmp
[2023-09-04T17:52:40.504+0000] {subprocess.py:75} INFO - Running command: ['/bin/bash', '-c', 'echo "load"']
[2023-09-04T17:52:40.536+0000] {subprocess.py:86} INFO - Output:
[2023-09-04T17:52:40.540+0000] {subprocess.py:93} INFO - load
[2023-09-04T17:52:40.542+0000] {subprocess.py:97} INFO - Command exited with return code 0
[2023-09-04T17:52:40.604+0000] {taskinstance.py:1400} INFO - Marking task as SUCCESS. dag_id=sample-etl-dag, task_id=load, execution_date=20230904T175219, start_date=20230904T175240, end_date=20230904T175240
[2023-09-04T17:52:40.665+0000] {local_task_job_runner.py:228} INFO - Task exited with return code 0
[2023-09-04T17:52:40.698+0000] {taskinstance.py:2784} INFO - 0 downstream tasks scheduled from follow-on schedule check
